<?xml version="1.0" encoding="UTF-8"?>
<!-- Generated by org.testng.reporters.JUnitReportReporter -->
<testsuite hostname="JuneLiu.local" failures="0" tests="3" name="com.neotech.testcases.AddEmployeeTest" time="102.717" errors="0" timestamp="2023-10-19T16:26:03 EDT" skipped="0">
  <testcase classname="com.neotech.testcases.AddEmployeeTest" name="AddEmployee" time="34.939"/>
  <testcase classname="com.neotech.testcases.AddEmployeeTest" name="AddEmployee" time="33.146"/>
  <testcase classname="com.neotech.testcases.AddEmployeeTest" name="AddEmployee" time="34.632"/>
</testsuite> <!-- com.neotech.testcases.AddEmployeeTest -->
