<?xml version="1.0" encoding="UTF-8"?>
<!-- Generated by org.testng.reporters.JUnitReportReporter -->
<testsuite hostname="JuneLiu.local" failures="0" tests="3" name="com.neotech.testcases.LoginTest" time="26.621" errors="0" timestamp="2023-10-17T21:19:54 EDT" skipped="0">
  <testcase classname="com.neotech.testcases.LoginTest" name="validLogin" time="10.457"/>
  <testcase classname="com.neotech.testcases.LoginTest" name="emptyPasswordLogin" time="7.720"/>
  <testcase classname="com.neotech.testcases.LoginTest" name="invalidPasswordLogin" time="8.444"/>
</testsuite> <!-- com.neotech.testcases.LoginTest -->
