<?xml version="1.0" encoding="UTF-8"?>
<!-- Generated by org.testng.reporters.JUnitReportReporter -->
<testsuite hostname="JuneLiu.local" failures="0" tests="3" name="com.neotech.lesson01.TestNGAnnotations" time="0.008" errors="0" timestamp="2023-10-10T22:19:43 EDT" skipped="0">
  <testcase classname="com.neotech.lesson01.TestNGAnnotations" name="test1" time="0.003"/>
  <testcase classname="com.neotech.lesson01.TestNGAnnotations" name="test3" time="0.003"/>
  <testcase classname="com.neotech.lesson01.TestNGAnnotations" name="test2" time="0.002"/>
</testsuite> <!-- com.neotech.lesson01.TestNGAnnotations -->
