<?xml version="1.0" encoding="UTF-8"?>
<!-- Generated by org.testng.reporters.JUnitReportReporter -->
<testsuite hostname="JuneLiu.local" failures="0" tests="1" name="com.neotech.tests.emptyPasswordLogin" time="9.070" errors="0" timestamp="2023-10-15T01:21:50 EDT" skipped="0">
  <testcase classname="com.neotech.tests.emptyPasswordLogin" name="emptyPassword" time="9.070"/>
</testsuite> <!-- com.neotech.tests.emptyPasswordLogin -->
