<?xml version="1.0" encoding="UTF-8"?>
<!-- Generated by org.testng.reporters.JUnitReportReporter -->
<testsuite hostname="JuneLiu.local" failures="0" tests="1" name="com.neotech.lesson02.Homework2_2" time="36.405" errors="0" timestamp="2023-10-10T12:09:40 EDT" skipped="0">
  <testcase classname="com.neotech.lesson02.Homework2_2" name="loginValidation" time="36.405"/>
</testsuite> <!-- com.neotech.lesson02.Homework2_2 -->
