<?xml version="1.0" encoding="UTF-8"?>
<!-- Generated by org.testng.reporters.JUnitReportReporter -->
<testsuite hostname="JuneLiu.local" failures="0" tests="2" name="com.neotech.lesson01.MoreTestNGAnnotations" time="0.003" errors="0" timestamp="2023-10-11T14:58:58 EDT" skipped="0">
  <testcase classname="com.neotech.lesson01.MoreTestNGAnnotations" name="test2" time="0.001"/>
  <testcase classname="com.neotech.lesson01.MoreTestNGAnnotations" name="test1" time="0.002"/>
</testsuite> <!-- com.neotech.lesson01.MoreTestNGAnnotations -->
