<?xml version="1.0" encoding="UTF-8"?>
<!-- Generated by org.testng.reporters.JUnitReportReporter -->
<testsuite hostname="JuneLiu.local" failures="0" tests="3" name="com.neotech.lesson01.TestNGDemo" time="0.008" errors="0" timestamp="2023-10-11T14:58:58 EDT" skipped="0">
  <testcase classname="com.neotech.lesson01.TestNGDemo" name="testTwo" time="0.002"/>
  <testcase classname="com.neotech.lesson01.TestNGDemo" name="testThree" time="0.002"/>
  <testcase classname="com.neotech.lesson01.TestNGDemo" name="testOne" time="0.004"/>
</testsuite> <!-- com.neotech.lesson01.TestNGDemo -->
