<?xml version="1.0" encoding="UTF-8"?>
<!-- Generated by org.testng.reporters.JUnitReportReporter -->
<testsuite hostname="JuneLiu.local" failures="0" tests="3" name="com.neotech.review01.DataDrivenTest" time="0.016" errors="0" timestamp="2023-10-14T14:19:04 EDT" skipped="0">
  <testcase classname="com.neotech.review01.DataDrivenTest" name="doSmth" time="0.003"/>
  <testcase classname="com.neotech.review01.DataDrivenTest" name="doSmth" time="0.002"/>
  <testcase classname="com.neotech.review01.DataDrivenTest" name="doSmth" time="0.011"/>
</testsuite> <!-- com.neotech.review01.DataDrivenTest -->
