<?xml version="1.0" encoding="UTF-8"?>
<!-- Generated by org.testng.reporters.JUnitReportReporter -->
<testsuite hostname="JuneLiu.local" failures="0" tests="3" name="com.neotech.lesson03.GroupsDemo" time="0.011" errors="0" timestamp="2023-10-10T21:03:48 EDT" skipped="0">
  <testcase classname="com.neotech.lesson03.GroupsDemo" name="test2" time="0.001"/>
  <testcase classname="com.neotech.lesson03.GroupsDemo" name="test1" time="0.008"/>
  <testcase classname="com.neotech.lesson03.GroupsDemo" name="test4" time="0.002"/>
</testsuite> <!-- com.neotech.lesson03.GroupsDemo -->
