<?xml version="1.0" encoding="UTF-8"?>
<!-- Generated by org.testng.reporters.JUnitReportReporter -->
<testsuite hostname="JuneLiu.local" failures="0" tests="2" name="com.neotech.review01.DemoAnnotations" time="0.009" errors="0" timestamp="2023-10-14T11:52:57 EDT" skipped="0">
  <testcase classname="com.neotech.review01.DemoAnnotations" name="test2" time="0.002"/>
  <testcase classname="com.neotech.review01.DemoAnnotations" name="test1" time="0.007"/>
</testsuite> <!-- com.neotech.review01.DemoAnnotations -->
