<?xml version="1.0" encoding="UTF-8"?>
<!-- Generated by org.testng.reporters.JUnitReportReporter -->
<testsuite hostname="JuneLiu.local" failures="0" tests="2" name="com.neotech.review01.TestParameters" time="0.012" errors="0" timestamp="2023-10-14T11:42:31 EDT" skipped="0">
  <testcase classname="com.neotech.review01.TestParameters" name="MethodB" time="0.002"/>
  <testcase classname="com.neotech.review01.TestParameters" name="MethodA" time="0.010"/>
</testsuite> <!-- com.neotech.review01.TestParameters -->
