<?xml version="1.0" encoding="UTF-8"?>
<!-- Generated by org.testng.reporters.JUnitReportReporter -->
<testsuite hostname="JuneLiu.local" failures="0" tests="3" name="com.neotech.lesson03.AddEmployeeWithDataProvider" time="78.207" errors="0" timestamp="2023-10-11T21:53:27 EDT" skipped="0">
  <testcase classname="com.neotech.lesson03.AddEmployeeWithDataProvider" name="addEmployee" time="26.576"/>
  <testcase classname="com.neotech.lesson03.AddEmployeeWithDataProvider" name="addEmployee" time="25.097"/>
  <testcase classname="com.neotech.lesson03.AddEmployeeWithDataProvider" name="addEmployee" time="26.534"/>
</testsuite> <!-- com.neotech.lesson03.AddEmployeeWithDataProvider -->
