<?xml version="1.0" encoding="UTF-8"?>
<!-- Generated by org.testng.reporters.JUnitReportReporter -->
<testsuite hostname="JuneLiu.local" failures="0" tests="1" name="com.neotech.tests.LoginTest" time="10.458" errors="0" timestamp="2023-10-15T01:21:50 EDT" skipped="0">
  <testcase classname="com.neotech.tests.LoginTest" name="validLogin" time="10.458"/>
</testsuite> <!-- com.neotech.tests.LoginTest -->
