<?xml version="1.0" encoding="UTF-8"?>
<!-- Generated by org.testng.reporters.JUnitReportReporter -->
<testsuite hostname="JuneLiu.local" failures="0" tests="2" name="com.neotech.lesson02.Homework1" time="18.835" errors="0" timestamp="2023-10-08T12:11:03 EDT" skipped="0">
  <testcase classname="com.neotech.lesson02.Homework1" name="loginValidation" time="11.365"/>
  <testcase classname="com.neotech.lesson02.Homework1" name="negativeLoginTest" time="7.470"/>
</testsuite> <!-- com.neotech.lesson02.Homework1 -->
