<?xml version="1.0" encoding="UTF-8"?>
<!-- Generated by org.testng.reporters.JUnitReportReporter -->
<testsuite hostname="JuneLiu.local" failures="0" tests="4" name="com.neotech.lesson02.PriorityDemo" time="0.009" errors="0" timestamp="2023-10-08T12:24:47 EDT" skipped="0">
  <testcase classname="com.neotech.lesson02.PriorityDemo" name="firstTest" time="0.006"/>
  <testcase classname="com.neotech.lesson02.PriorityDemo" name="secondTest" time="0.001"/>
  <testcase classname="com.neotech.lesson02.PriorityDemo" name="thirdTest" time="0.001"/>
  <testcase classname="com.neotech.lesson02.PriorityDemo" name="fourthTest" time="0.001"/>
</testsuite> <!-- com.neotech.lesson02.PriorityDemo -->
