<?xml version="1.0" encoding="UTF-8"?>
<!-- Generated by org.testng.reporters.JUnitReportReporter -->
<testsuite hostname="JuneLiu.local" failures="0" tests="5" name="com.neotech.lesson02.Homework2_1" time="0.019" errors="0" timestamp="2023-10-08T19:20:41 EDT" skipped="1">
  <testcase classname="com.neotech.lesson02.Homework2_1" name="fourthMethod" time="0.014"/>
  <testcase classname="com.neotech.lesson02.Homework2_1" name="thirdMethod" time="0.001"/>
  <testcase classname="com.neotech.lesson02.Homework2_1" name="secondMethod" time="0.001"/>
  <testcase classname="com.neotech.lesson02.Homework2_1" name="firstMethod" time="0.003"/>
  <testcase classname="com.neotech.lesson02.Homework2_1" name="firstMethod1">
    <skipped/>
  </testcase> <!-- firstMethod1 -->
</testsuite> <!-- com.neotech.lesson02.Homework2_1 -->
