<?xml version="1.0" encoding="UTF-8"?>
<!-- Generated by org.testng.reporters.JUnitReportReporter -->
<testsuite hostname="JuneLiu.local" failures="0" tests="3" name="com.neotech.lesson03.Homework3_1" time="104.731" errors="0" timestamp="2023-10-13T13:17:23 EDT" skipped="0">
  <testcase classname="com.neotech.lesson03.Homework3_1" name="addEmployee" time="35.460"/>
  <testcase classname="com.neotech.lesson03.Homework3_1" name="addEmployee" time="35.934"/>
  <testcase classname="com.neotech.lesson03.Homework3_1" name="addEmployee" time="33.337"/>
</testsuite> <!-- com.neotech.lesson03.Homework3_1 -->
