<?xml version="1.0" encoding="UTF-8"?>
<!-- Generated by org.testng.reporters.JUnitReportReporter -->
<testsuite hostname="JuneLiu.local" failures="0" tests="3" name="com.neotech.lesson03.DataProviderDemo" time="46.166" errors="0" timestamp="2023-10-10T21:45:57 EDT" skipped="0">
  <testcase classname="com.neotech.lesson03.DataProviderDemo" name="loginFunctionality" time="14.546"/>
  <testcase classname="com.neotech.lesson03.DataProviderDemo" name="loginFunctionality" time="17.383"/>
  <testcase classname="com.neotech.lesson03.DataProviderDemo" name="loginFunctionality" time="14.237"/>
</testsuite> <!-- com.neotech.lesson03.DataProviderDemo -->
