<?xml version="1.0" encoding="UTF-8"?>
<!-- Generated by org.testng.reporters.JUnitReportReporter -->
<testsuite hostname="JuneLiu.local" failures="0" tests="1" name="com.neotech.lesson01.Homework" time="13.630" errors="0" timestamp="2023-10-10T22:19:43 EDT" skipped="0">
  <testcase classname="com.neotech.lesson01.Homework" name="negativeLoginTest" time="13.630"/>
</testsuite> <!-- com.neotech.lesson01.Homework -->
