<?xml version="1.0" encoding="UTF-8"?>
<!-- Generated by org.testng.reporters.JUnitReportReporter -->
<testsuite hostname="JuneLiu.local" failures="0" tests="2" name="com.neotech.lesson02.AssertDemo" time="6.386" errors="0" timestamp="2023-10-08T14:03:25 EDT" skipped="1">
  <testcase classname="com.neotech.lesson02.AssertDemo" name="logoValidation" time="6.386"/>
  <testcase classname="com.neotech.lesson02.AssertDemo" name="titleValidation">
    <skipped/>
  </testcase> <!-- titleValidation -->
</testsuite> <!-- com.neotech.lesson02.AssertDemo -->
